<?xml version="1.0" encoding="UTF-8"?>
<!-- Generated by org.testng.reporters.JUnitReportReporter -->
<testsuite hostname="LAPTOP-RB94L8UA" failures="0" tests="1" name="Log4j.NewTest" time="7.349" errors="0" timestamp="2022-10-27T08:10:17 IST" skipped="0">
  <testcase classname="Log4j.NewTest" name="f" time="7.349"/>
  <system-out/>
</testsuite> <!-- Log4j.NewTest -->
