<?xml version="1.0" encoding="UTF-8"?>
<!-- Generated by org.testng.reporters.JUnitReportReporter -->
<testsuite hostname="LAPTOP-RB94L8UA" failures="0" tests="1" name="sikuli.SikuliOne" time="0.990" errors="0" timestamp="2022-10-24T17:28:08 IST" skipped="0">
  <testcase classname="sikuli.SikuliOne" name="f" time="0.990"/>
  <system-out/>
</testsuite> <!-- sikuli.SikuliOne -->
