<?xml version="1.0" encoding="UTF-8"?>
<!-- Generated by org.testng.reporters.JUnitReportReporter -->
<testsuite hostname="LAPTOP-RB94L8UA" failures="0" tests="5" name="testng.PriorityOrder" time="6.952" errors="0" timestamp="2022-10-13T10:01:55 IST" skipped="1">
  <testcase classname="testng.PriorityOrder" name="instagram" time="1.526"/>
  <system-out/>
  <testcase classname="testng.PriorityOrder" name="Apple" time="1.291"/>
  <system-out/>
  <testcase classname="testng.PriorityOrder" name="Amazon" time="2.064"/>
  <system-out/>
  <testcase classname="testng.PriorityOrder" name="gmail" time="2.071"/>
  <system-out/>
  <testcase classname="testng.PriorityOrder" name="google">
    <skipped/>
  </testcase> <!-- google -->
  <system-out/>
</testsuite> <!-- testng.PriorityOrder -->
