<?xml version="1.0" encoding="UTF-8"?>
<!-- Generated by org.testng.reporters.JUnitReportReporter -->
<testsuite hostname="LAPTOP-RB94L8UA" failures="0" tests="1" name="advancefeatures.dropDownSelections" time="9.334" errors="0" timestamp="2022-10-15T23:09:40 IST" skipped="0">
  <testcase classname="advancefeatures.dropDownSelections" name="f" time="9.334"/>
  <system-out/>
</testsuite> <!-- advancefeatures.dropDownSelections -->
