<?xml version="1.0" encoding="UTF-8"?>
<!-- Generated by org.testng.reporters.JUnitReportReporter -->
<testsuite hostname="LAPTOP-RB94L8UA" failures="0" tests="1" name="advancefeatures.TitleAssert" time="6.184" errors="0" timestamp="2022-10-16T23:29:02 IST" skipped="0">
  <testcase classname="advancefeatures.TitleAssert" name="verifyWebTitle" time="6.184"/>
  <system-out/>
</testsuite> <!-- advancefeatures.TitleAssert -->
