<?xml version="1.0" encoding="UTF-8"?>
<!-- Generated by org.testng.reporters.JUnitReportReporter -->
<testsuite hostname="LAPTOP-RB94L8UA" failures="0" tests="4" name="testng.AlphabeticOrder" time="4.028" errors="0" timestamp="2022-10-13T09:56:46 IST" skipped="1">
  <testcase classname="testng.AlphabeticOrder" name="instagram" time="1.134"/>
  <system-out/>
  <testcase classname="testng.AlphabeticOrder" name="google" time="0.894"/>
  <system-out/>
  <testcase classname="testng.AlphabeticOrder" name="Amazon" time="2.000"/>
  <system-out/>
  <testcase classname="testng.AlphabeticOrder" name="Apple">
    <skipped/>
  </testcase> <!-- Apple -->
  <system-out/>
</testsuite> <!-- testng.AlphabeticOrder -->
