<?xml version="1.0" encoding="UTF-8"?>
<!-- Generated by org.testng.reporters.JUnitReportReporter -->
<testsuite hostname="LAPTOP-RB94L8UA" failures="0" tests="1" name="testng.NewTest" time="2.005" errors="0" timestamp="2022-10-15T18:26:19 IST" skipped="0">
  <testcase classname="testng.NewTest" name="testcase" time="2.005"/>
  <system-out/>
</testsuite> <!-- testng.NewTest -->
